<?xml version="1.0" encoding="UTF-8"?>
<testsuite name="com.example.mpgexchange.MpgExchangeApplicationTests" tests="1" skipped="0" failures="0" errors="0" timestamp="2024-11-17T06:56:36" hostname="Aneeshs-MBP.attlocal.net" time="0.466">
  <properties/>
  <testcase name="contextLoads()" classname="com.example.mpgexchange.MpgExchangeApplicationTests" time="0.466"/>
  <system-out><![CDATA[00:56:35.530 [Test worker] INFO org.springframework.test.context.support.AnnotationConfigContextLoaderUtils -- Could not detect default configuration classes for test class [com.example.mpgexchange.MpgExchangeApplicationTests]: MpgExchangeApplicationTests does not declare any static, non-private, non-final, nested classes annotated with @Configuration.
00:56:35.575 [Test worker] INFO org.springframework.boot.test.context.SpringBootTestContextBootstrapper -- Found @SpringBootConfiguration com.example.mpgexchange.MpgExchangeApplication for test class com.example.mpgexchange.MpgExchangeApplicationTests

  .   ____          _            __ _ _
 /\\ / ___'_ __ _ _(_)_ __  __ _ \ \ \ \
( ( )\___ | '_ | '_| | '_ \/ _` | \ \ \ \
 \\/  ___)| |_)| | | | | || (_| |  ) ) ) )
  '  |____| .__|_| |_|_| |_\__, | / / / /
 =========|_|==============|___/=/_/_/_/

 :: Spring Boot ::                (v3.3.5)

2024-11-17T00:56:35.770-06:00  INFO 55464 --- [MPGExchange] [    Test worker] c.e.m.MpgExchangeApplicationTests        : Starting MpgExchangeApplicationTests using Java 22.0.1 with PID 55464 (started by aneeshbhatti in /Users/aneeshbhatti/Desktop/MPGExchange)
2024-11-17T00:56:35.771-06:00  INFO 55464 --- [MPGExchange] [    Test worker] c.e.m.MpgExchangeApplicationTests        : No active profile set, falling back to 1 default profile: "default"
2024-11-17T00:56:36.252-06:00  INFO 55464 --- [MPGExchange] [    Test worker] c.e.m.MpgExchangeApplicationTests        : Started MpgExchangeApplicationTests in 0.617 seconds (process running for 1.157)
]]></system-out>
  <system-err><![CDATA[WARNING: A Java agent has been loaded dynamically (/Users/aneeshbhatti/.gradle/caches/modules-2/files-2.1/net.bytebuddy/byte-buddy-agent/1.14.19/154da3a65b4f4a909d3e5bdec55d1b2b4cbb6ce1/byte-buddy-agent-1.14.19.jar)
WARNING: If a serviceability tool is in use, please run with -XX:+EnableDynamicAgentLoading to hide this warning
WARNING: If a serviceability tool is not in use, please run with -Djdk.instrument.traceUsage for more information
WARNING: Dynamic loading of agents will be disallowed by default in a future release
]]></system-err>
</testsuite>
